<?xml version="1.0" encoding="UTF-8"?>
<!-- Generated by org.testng.reporters.JUnitReportReporter -->
<testsuite hostname="DESKTOP-28Q8O5U" failures="0" tests="1" name="Test_Class_Package.Post_TC_2" time="1.175" errors="0" timestamp="2023-05-23T19:19:06 IST" skipped="0">
  <testcase classname="Test_Class_Package.Post_TC_2" name="execute" time="1.175"/>
  <system-out/>
</testsuite> <!-- Test_Class_Package.Post_TC_2 -->
